# JRE version: OpenJDK Runtime Environment (11.0.10) (build 11.0.10+0-b96-7249189)
# Java VM: OpenJDK 64-Bit Server VM (11.0.10+0-b96-7249189, mixed mode, tiered, compressed oops, g1 gc, windows-amd64)
Heap:
 garbage-first heap   total 275456K, used 228277K [0x0000000080000000, 0x0000000100000000)
  region size 1024K, 113 young (115712K), 6 survivors (6144K)
 Metaspace       used 130357K, capacity 135375K, committed 135628K, reserved 1167360K
  class space    used 16222K, capacity 18067K, committed 18176K, reserved 1048576K
GC Heap History (20 events):
Event: 508.499 GC heap after
{Heap after GC invocations=29 (full 0):
 garbage-first heap   total 275456K, used 115372K [0x0000000080000000, 0x0000000100000000)
  region size 1024K, 7 young (7168K), 7 survivors (7168K)
 Metaspace       used 124240K, capacity 127569K, committed 127692K, reserved 1161216K
  class space    used 15534K, capacity 16812K, committed 16896K, reserved 1048576K
}
Event: 804.614 GC heap before
{Heap before GC invocations=29 (full 0):
 garbage-first heap   total 275456K, used 199340K [0x0000000080000000, 0x0000000100000000)
  region size 1024K, 90 young (92160K), 7 survivors (7168K)
 Metaspace       used 124698K, capacity 128042K, committed 128204K, reserved 1161216K
  class space    used 15545K, capacity 16831K, committed 16896K, reserved 1048576K
}
Event: 804.631 GC heap after
{Heap after GC invocations=30 (full 0):
 garbage-first heap   total 275456K, used 116865K [0x0000000080000000, 0x0000000100000000)
  region size 1024K, 7 young (7168K), 7 survivors (7168K)
 Metaspace       used 124698K, capacity 128042K, committed 128204K, reserved 1161216K
  class space    used 15545K, capacity 16831K, committed 16896K, reserved 1048576K
}
Event: 1461.339 GC heap before
{Heap before GC invocations=30 (full 0):
 garbage-first heap   total 275456K, used 213121K [0x0000000080000000, 0x0000000100000000)
  region size 1024K, 93 young (95232K), 7 survivors (7168K)
 Metaspace       used 125266K, capacity 128728K, committed 128972K, reserved 1161216K
  class space    used 15573K, capacity 16883K, committed 16896K, reserved 1048576K
}
Event: 1461.361 GC heap after
{Heap after GC invocations=31 (full 0):
 garbage-first heap   total 275456K, used 117321K [0x0000000080000000, 0x0000000100000000)
  region size 1024K, 7 young (7168K), 7 survivors (7168K)
 Metaspace       used 125266K, capacity 128728K, committed 128972K, reserved 1161216K
  class space    used 15573K, capacity 16883K, committed 16896K, reserved 1048576K
}
Event: 1492.373 GC heap before
{Heap before GC invocations=31 (full 0):
 garbage-first heap   total 275456K, used 207433K [0x0000000080000000, 0x0000000100000000)
  region size 1024K, 96 young (98304K), 7 survivors (7168K)
 Metaspace       used 126004K, capacity 129680K, committed 129868K, reserved 1163264K
  class space    used 15646K, capacity 17018K, committed 17024K, reserved 1048576K
}
Event: 1492.388 GC heap after
{Heap after GC invocations=32 (full 0):
 garbage-first heap   total 275456K, used 116887K [0x0000000080000000, 0x0000000100000000)
  region size 1024K, 6 young (6144K), 6 survivors (6144K)
 Metaspace       used 126004K, capacity 129680K, committed 129868K, reserved 1163264K
  class space    used 15646K, capacity 17018K, committed 17024K, reserved 1048576K
}
Event: 1757.705 GC heap before
{Heap before GC invocations=32 (full 0):
 garbage-first heap   total 275456K, used 211095K [0x0000000080000000, 0x0000000100000000)
  region size 1024K, 99 young (101376K), 6 survivors (6144K)
 Metaspace       used 127042K, capacity 131092K, committed 131276K, reserved 1163264K
  class space    used 15831K, capacity 17361K, committed 17408K, reserved 1048576K
}
Event: 1757.718 GC heap after
{Heap after GC invocations=33 (full 0):
 garbage-first heap   total 275456K, used 114728K [0x0000000080000000, 0x0000000100000000)
  region size 1024K, 4 young (4096K), 4 survivors (4096K)
 Metaspace       used 127042K, capacity 131092K, committed 131276K, reserved 1163264K
  class space    used 15831K, capacity 17361K, committed 17408K, reserved 1048576K
}
Event: 2375.841 GC heap before
{Heap before GC invocations=33 (full 0):
 garbage-first heap   total 275456K, used 214056K [0x0000000080000000, 0x0000000100000000)
  region size 1024K, 102 young (104448K), 4 survivors (4096K)
 Metaspace       used 127312K, capacity 131360K, committed 131532K, reserved 1163264K
  class space    used 15833K, capacity 17361K, committed 17408K, reserved 1048576K
}
Event: 2375.857 GC heap after
{Heap after GC invocations=34 (full 0):
 garbage-first heap   total 275456K, used 117741K [0x0000000080000000, 0x0000000100000000)
  region size 1024K, 7 young (7168K), 7 survivors (7168K)
 Metaspace       used 127312K, capacity 131360K, committed 131532K, reserved 1163264K
  class space    used 15833K, capacity 17361K, committed 17408K, reserved 1048576K
}
Event: 2890.304 GC heap before
{Heap before GC invocations=34 (full 0):
 garbage-first heap   total 275456K, used 217069K [0x0000000080000000, 0x0000000100000000)
  region size 1024K, 105 young (107520K), 7 survivors (7168K)
 Metaspace       used 127506K, capacity 131557K, committed 131788K, reserved 1163264K
  class space    used 15833K, capacity 17361K, committed 17408K, reserved 1048576K
}
Event: 2890.313 GC heap after
{Heap after GC invocations=35 (full 0):
 garbage-first heap   total 275456K, used 114948K [0x0000000080000000, 0x0000000100000000)
  region size 1024K, 4 young (4096K), 4 survivors (4096K)
 Metaspace       used 127506K, capacity 131557K, committed 131788K, reserved 1163264K
  class space    used 15833K, capacity 17361K, committed 17408K, reserved 1048576K
}
Event: 3032.555 GC heap before
{Heap before GC invocations=35 (full 0):
 garbage-first heap   total 275456K, used 220420K [0x0000000080000000, 0x0000000100000000)
  region size 1024K, 108 young (110592K), 4 survivors (4096K)
 Metaspace       used 127691K, capacity 131766K, committed 132044K, reserved 1163264K
  class space    used 15835K, capacity 17363K, committed 17408K, reserved 1048576K
}
Event: 3032.568 GC heap after
{Heap after GC invocations=36 (full 0):
 garbage-first heap   total 275456K, used 114139K [0x0000000080000000, 0x0000000100000000)
  region size 1024K, 4 young (4096K), 4 survivors (4096K)
 Metaspace       used 127691K, capacity 131766K, committed 132044K, reserved 1163264K
  class space    used 15835K, capacity 17363K, committed 17408K, reserved 1048576K
}
Event: 3369.021 GC heap before
{Heap before GC invocations=36 (full 0):
 garbage-first heap   total 275456K, used 222683K [0x0000000080000000, 0x0000000100000000)
  region size 1024K, 111 young (113664K), 4 survivors (4096K)
 Metaspace       used 129664K, capacity 134689K, committed 134988K, reserved 1167360K
  class space    used 16179K, capacity 18002K, committed 18048K, reserved 1048576K
}
Event: 3369.032 GC heap after
{Heap after GC invocations=37 (full 0):
 garbage-first heap   total 275456K, used 113797K [0x0000000080000000, 0x0000000100000000)
  region size 1024K, 3 young (3072K), 3 survivors (3072K)
 Metaspace       used 129664K, capacity 134689K, committed 134988K, reserved 1167360K
  class space    used 16179K, capacity 18002K, committed 18048K, reserved 1048576K
}
Event: 3718.202 GC heap before
{Heap before GC invocations=37 (full 0):
 garbage-first heap   total 275456K, used 235653K [0x0000000080000000, 0x0000000100000000)
  region size 1024K, 114 young (116736K), 3 survivors (3072K)
 Metaspace       used 129892K, capacity 134905K, committed 134988K, reserved 1167360K
  class space    used 16181K, capacity 18004K, committed 18048K, reserved 1048576K
}
Event: 3718.223 GC heap after
{Heap after GC invocations=38 (full 0):
 garbage-first heap   total 275456K, used 118709K [0x0000000080000000, 0x0000000100000000)
  region size 1024K, 8 young (8192K), 8 survivors (8192K)
 Metaspace       used 129892K, capacity 134905K, committed 134988K, reserved 1167360K
  class space    used 16181K, capacity 18004K, committed 18048K, reserved 1048576K
}
Event: 4238.485 GC heap before
{Heap before GC invocations=38 (full 0):
 garbage-first heap   total 275456K, used 227253K [0x0000000080000000, 0x0000000100000000)
  region size 1024K, 115 young (117760K), 8 survivors (8192K)
 Metaspace       used 130357K, capacity 135375K, committed 135628K, reserved 1167360K
  class space    used 16222K, capacity 18067K, committed 18176K, reserved 1048576K
}

